<?xml version="1.0" encoding="UTF-8"?>
<testng-results ignored="0" total="1" passed="1" failed="0" skipped="0">
  <reporter-output>
  </reporter-output>
  <suite started-at="2023-12-09T12:19:25 IST" name="test1" finished-at="2023-12-09T12:19:43 IST" duration-ms="17995">
    <groups>
      <group name="cucumber">
        <method signature="AbstractTestNGCucumberTests.runScenario(io.cucumber.testng.PickleWrapper,io.cucumber.testng.FeatureWrapper)[pri:0, instance:runner.DemoWebShopRunner@210ab13f]" name="runScenario" class="io.cucumber.testng.AbstractTestNGCucumberTests"/>
      </group> <!-- cucumber -->
    </groups>
    <test started-at="2023-12-09T12:19:25 IST" name="testdemowebshop001" finished-at="2023-12-09T12:19:43 IST" duration-ms="17995">
      <class name="runner.DemoWebShopRunner">
        <test-method is-config="true" signature="setUpClass(org.testng.ITestContext)[pri:0, instance:runner.DemoWebShopRunner@210ab13f]" started-at="2023-12-09T12:19:26 IST" name="setUpClass" finished-at="2023-12-09T12:19:27 IST" duration-ms="1022" status="PASS">
          <params>
            <param index="0">
              <value>
                <![CDATA[org.testng.TestRunner@55071497]]>
              </value>
            </param>
          </params>
          <reporter-output>
          </reporter-output>
        </test-method> <!-- setUpClass -->
        <test-method signature="runScenario(io.cucumber.testng.PickleWrapper,io.cucumber.testng.FeatureWrapper)[pri:0, instance:runner.DemoWebShopRunner@210ab13f]" started-at="2023-12-09T12:19:27 IST" name="runScenario" description="Runs Cucumber Scenarios" data-provider="scenarios" finished-at="2023-12-09T12:19:43 IST" duration-ms="15873" status="PASS">
          <params>
            <param index="0">
              <value>
                <![CDATA["Recently viewed product Test on page"]]>
              </value>
            </param>
            <param index="1">
              <value>
                <![CDATA["Test the Recently viewed product functionality"]]>
              </value>
            </param>
          </params>
          <reporter-output>
          </reporter-output>
        </test-method> <!-- runScenario -->
        <test-method is-config="true" signature="tearDownClass()[pri:0, instance:runner.DemoWebShopRunner@210ab13f]" started-at="2023-12-09T12:19:43 IST" name="tearDownClass" finished-at="2023-12-09T12:19:43 IST" duration-ms="116" status="PASS">
          <reporter-output>
          </reporter-output>
        </test-method> <!-- tearDownClass -->
      </class> <!-- runner.DemoWebShopRunner -->
    </test> <!-- testdemowebshop001 -->
  </suite> <!-- test1 -->
</testng-results>
